<fixture>

    <fruit>
        <fruit_id>4</fruit_id>
        <name>Grape</name>
    </fruit>

    <region>
        <region_id>9</region_id>
        <fruit_id>4</fruit_id>
        <name>Japan</name>
    </region>

</fixture>